[2025-11-05 16:01:07] ALERT: Unknown file detected. "config.json"
[2025-11-05 16:01:07] ALERT: Unknown file detected. "data.txt"
[2025-11-05 16:02:46] INFO: File verified OK. "config.json"
[2025-11-05 16:02:46] INFO: File verified OK. "data.txt"
[2025-11-05 16:03:53] INFO: File verified OK. "config.json"
[2025-11-05 16:03:53] WARNING: File integrity failed! "data.txt"
[2025-11-05 16:06:15] INFO: File verified OK. "config.json"
[2025-11-05 16:06:15] INFO: File verified OK. "data.txt"
[2025-11-05 16:06:26] INFO: File verified OK. "config.json"
[2025-11-05 16:06:26] WARNING: File integrity failed! "data.txt"
[2025-11-05 16:06:41] WARNING: File integrity failed! "config.json"
[2025-11-05 16:06:41] WARNING: File integrity failed! "data.txt"
[2025-11-05 16:10:57] WARNING: File integrity failed! "config.json"
[2025-11-05 16:10:57] INFO: File verified OK. "data.txt"
[2025-11-05 16:10:57] ALERT: Unknown file detected. "test.txt"
[2025-11-05 16:11:27] INFO: File verified OK. "config.json"
[2025-11-05 16:11:27] INFO: File verified OK. "data.txt"
[2025-11-05 16:11:27] INFO: File verified OK. "test.txt"
[2025-11-05 16:21:27] INFO: File verified OK. "config.json"
[2025-11-05 16:21:27] INFO: File verified OK. "data.txt"
[2025-11-05 16:21:27] INFO: File verified OK. "test.txt"
[2025-11-05 18:01:57] INFO: File verified OK. "config.json"
[2025-11-05 18:01:57] WARNING: File integrity failed! "data.txt"
[2025-11-05 18:01:57] INFO: File verified OK. "test.txt"
[2025-11-05 18:14:16] INFO: File verified OK. "config.json"
[2025-11-05 18:14:16] INFO: File verified OK. "data.txt"
[2025-11-05 18:14:16] ALERT: File deleted! "test.txt"
[2025-11-05 18:16:08] INFO: File verified OK. "config.json"
[2025-11-05 18:16:08] INFO: File verified OK. "data.txt"
[2025-11-05 18:16:08] ALERT: Unknown file detected. "new.txt"
